=========================
Summary of SPARK analysis
=========================

---------------------------------------------------------------------------------------------------------
SPARK Analysis results        Total       Flow                             Provers   Justified   Unproved
---------------------------------------------------------------------------------------------------------
Data Dependencies                 .          .                                   .           .          .
Flow Dependencies                 .          .                                   .           .          .
Initialization                    2          2                                   .           .          .
Non-Aliasing                      .          .                                   .           .          .
Run-time Checks                 249          .         249 (CVC5 35%, Trivial 65%)           .          .
Assertions                       41          .                           41 (CVC5)           .          .
Functional Contracts             83          .    83 (CVC5 98%, Trivial 1%, Z3 1%)           .          .
LSP Verification                  .          .                                   .           .          .
Termination                      24         24                                   .           .          .
Concurrency                       .          .                                   .           .          .
---------------------------------------------------------------------------------------------------------
Total                           399    26 (7%)                           373 (93%)           .          .


max steps used for successful proof: 3728

============================
Most difficult proved checks
============================

No check found with max time greater than 1 second

========================
Detailed analysis report
========================

Analyzed 6 units
in unit collision_math, 12 subprograms and packages out of 12 analyzed
  Collision_Math at collision_math.ads:5 flow analyzed (0 errors, 0 checks, 0 warnings and 0 pragma Assume statements) and proved (0 checks)
  Collision_Math.Cauchy_Schwarz at collision_math.adb:66 flow analyzed (0 errors, 0 checks, 0 warnings and 0 pragma Assume statements) and proved (19 checks)
  Collision_Math.Check_Implies_Safe at collision_math.adb:82 flow analyzed (0 errors, 0 checks, 0 warnings and 0 pragma Assume statements) and proved (66 checks)
  Collision_Math.Check_Implies_Safe_Vec at collision_math.ads:35 flow analyzed (0 errors, 0 checks, 0 warnings and 0 pragma Assume statements) and proved (7 checks)
  Collision_Math.Lemma_CS_Scalar at collision_math.adb:46 flow analyzed (0 errors, 0 checks, 0 warnings and 0 pragma Assume statements) and proved (31 checks)
  Collision_Math.Lemma_Sq_Dist_Bridge at collision_math.ads:47 flow analyzed (0 errors, 0 checks, 0 warnings and 0 pragma Assume statements) and proved (13 checks)
  Collision_Math.Lemma_Square_Nonneg at collision_math.adb:30 flow analyzed (0 errors, 0 checks, 0 warnings and 0 pragma Assume statements) and proved (17 checks)
  Collision_Math.Sq_Dist_At at collision_math.adb:7 flow analyzed (0 errors, 0 checks, 0 warnings and 0 pragma Assume statements) and proved (6 checks)
  Collision_Math.Sq_Dist_At_Vec at collision_math.ads:26 flow analyzed (0 errors, 0 checks, 0 warnings and 0 pragma Assume statements) and proved (6 checks)
  Collision_Math.Valid_Dot_Products at collision_math.adb:20 flow analyzed (0 errors, 0 checks, 0 warnings and 0 pragma Assume statements) and proved (6 checks)
  Collision_Math.Will_Collide at collision_math.adb:10 flow analyzed (0 errors, 0 checks, 0 warnings and 0 pragma Assume statements) and proved (13 checks)
  Collision_Math.Will_Collide_Vec at collision_math.ads:12 flow analyzed (0 errors, 0 checks, 0 warnings and 0 pragma Assume statements) and proved (11 checks)
in unit display, 0 subprograms and packages out of 0 analyzed
flow analysis and proof skipped for this unit (generic unit is not analyzed)
in unit main, 22 subprograms and packages out of 30 analyzed
  Main at main.adb:116 flow analyzed (0 errors, 0 checks, 0 warnings and 0 pragma Assume statements) and proved (27 checks)
  Main.Detect_Bounces at main.adb:243 flow analyzed (0 errors, 0 checks, 0 warnings and 0 pragma Assume statements) and proved (14 checks)
  Main.Disp at main.adb:122 skipped; body is SPARK_Mode => Off
  Main.Disp.Capture at display.ads:10, instantiated at main.adb:122 skipped; body is SPARK_Mode => Off
  Main.Disp.Save at display.ads:15, instantiated at main.adb:122 skipped; body is SPARK_Mode => Off
  Main.Expected_Position at main.adb:148 flow analyzed (0 errors, 0 checks, 0 warnings and 0 pragma Assume statements) and proved (2 checks)
  Main.FC at main.adb:121 flow analyzed (0 errors, 0 checks, 0 warnings and 0 pragma Assume statements) and proved (0 checks)
  Main.FC.Conv at a-nbnbre.adb:120, instantiated at main.adb:121 flow analyzed (0 errors, 0 checks, 0 warnings and 0 pragma Assume statements) and proved (0 checks)
  Main.FC.Conv.From_Big_Integer at a-nbnbin.ads:101, instantiated at a-nbnbre.adb:120, instantiated at main.adb:121 skipped; body is SPARK_Mode => Off
  Main.FC.Conv.To_Big_Integer at a-nbnbin.ads:98, instantiated at a-nbnbre.adb:120, instantiated at main.adb:121 skipped; body is SPARK_Mode => Off
  Main.FC.From_Big_Real at a-nbnbre.ads:90, instantiated at main.adb:121 skipped; body is SPARK_Mode => Off
  Main.FC.To_Big_Real at a-nbnbre.ads:87, instantiated at main.adb:121 skipped; body is SPARK_Mode => Off
  Main.Lemma_No_Collision_Pair at main.adb:195 flow analyzed (0 errors, 0 checks, 0 warnings and 0 pragma Assume statements) and proved (18 checks)
  Main.No_Future_Collision_Pair at main.adb:184 flow analyzed (0 errors, 0 checks, 0 warnings and 0 pragma Assume statements) and proved (6 checks)
  Main.Pair_Sep2 at main.adb:178 flow analyzed (0 errors, 0 checks, 0 warnings and 0 pragma Assume statements) and proved (8 checks)
  Main.Position_Invariant at main.adb:157 flow analyzed (0 errors, 0 checks, 0 warnings and 0 pragma Assume statements) and proved (7 checks)
  Main.Print_Collision at main.adb:273 skipped; body is SPARK_Mode => Off
  Main.Reset_Universe at main.adb:303 flow analyzed (0 errors, 0 checks, 0 warnings and 0 pragma Assume statements) and proved (3 checks)
  Main.Squared_Dist at main.adb:166 flow analyzed (0 errors, 0 checks, 0 warnings and 0 pragma Assume statements) and proved (4 checks)
  Main.Univ at main.adb:119 flow analyzed (0 errors, 0 checks, 0 warnings and 0 pragma Assume statements) and proved (0 checks)
  Main.Univ.Add_Item at universe.ads:35, instantiated at main.adb:119 flow analyzed (0 errors, 0 checks, 0 warnings and 0 pragma Assume statements) and proved (17 checks)
  Main.Univ.Get_Position at universe.ads:19, instantiated at main.adb:119 flow analyzed (0 errors, 0 checks, 0 warnings and 0 pragma Assume statements) and proved (1 checks)
  Main.Univ.Get_Radius at universe.ads:27, instantiated at main.adb:119 flow analyzed (0 errors, 0 checks, 0 warnings and 0 pragma Assume statements) and proved (1 checks)
  Main.Univ.Get_Velocity at universe.ads:23, instantiated at main.adb:119 flow analyzed (0 errors, 0 checks, 0 warnings and 0 pragma Assume statements) and proved (1 checks)
  Main.Univ.Init at universe.ads:31, instantiated at main.adb:119 flow analyzed (0 errors, 0 checks, 0 warnings and 0 pragma Assume statements) and proved (1 checks)
  Main.Univ.Item_Count at universe.ads:17, instantiated at main.adb:119 flow analyzed (0 errors, 0 checks, 0 warnings and 0 pragma Assume statements) and proved (0 checks)
  Main.Univ.Reflect_Velocity_X at universe.ads:65, instantiated at main.adb:119 flow analyzed (0 errors, 0 checks, 0 warnings and 0 pragma Assume statements) and proved (13 checks)
  Main.Univ.Reflect_Velocity_Y at universe.ads:80, instantiated at main.adb:119 flow analyzed (0 errors, 0 checks, 0 warnings and 0 pragma Assume statements) and proved (13 checks)
  Main.Univ.Tick at universe.ads:53, instantiated at main.adb:119 flow analyzed (0 errors, 0 checks, 0 warnings and 0 pragma Assume statements) and proved (40 checks)
  Main.Univ.Universe at universe.ads:108, instantiated at main.adb:119 flow analyzed (0 errors, 0 checks, 0 warnings and 0 pragma Assume statements) and proved (0 checks)
in unit spatial, 12 subprograms and packages out of 12 analyzed
  Spatial at spatial.ads:5 flow analyzed (0 errors, 0 checks, 0 warnings and 0 pragma Assume statements) and proved (0 checks)
  Spatial.Move at spatial.ads:19 flow analyzed (0 errors, 0 checks, 0 warnings and 0 pragma Assume statements) and proved (0 checks)
  Spatial.Negate_Vel_X at spatial.ads:21 flow analyzed (0 errors, 0 checks, 0 warnings and 0 pragma Assume statements) and proved (1 checks)
  Spatial.Negate_Vel_Y at spatial.ads:23 flow analyzed (0 errors, 0 checks, 0 warnings and 0 pragma Assume statements) and proved (1 checks)
  Spatial.Pos_X at spatial.ads:10 flow analyzed (0 errors, 0 checks, 0 warnings and 0 pragma Assume statements) and proved (0 checks)
  Spatial.Pos_Y at spatial.ads:11 flow analyzed (0 errors, 0 checks, 0 warnings and 0 pragma Assume statements) and proved (0 checks)
  Spatial.Position at spatial.ads:26 flow analyzed (0 errors, 0 checks, 0 warnings and 0 pragma Assume statements) and proved (0 checks)
  Spatial.To_Position at spatial.ads:13 flow analyzed (0 errors, 0 checks, 0 warnings and 0 pragma Assume statements) and proved (0 checks)
  Spatial.To_Vector at spatial.ads:16 flow analyzed (0 errors, 0 checks, 0 warnings and 0 pragma Assume statements) and proved (0 checks)
  Spatial.To_Velocity at spatial.ads:14 flow analyzed (0 errors, 0 checks, 0 warnings and 0 pragma Assume statements) and proved (0 checks)
  Spatial.Vel_To_Vector at spatial.ads:17 flow analyzed (0 errors, 0 checks, 0 warnings and 0 pragma Assume statements) and proved (0 checks)
  Spatial.Velocity at spatial.ads:27 flow analyzed (0 errors, 0 checks, 0 warnings and 0 pragma Assume statements) and proved (0 checks)
in unit universe, 0 subprograms and packages out of 0 analyzed
flow analysis and proof skipped for this unit (generic unit is not analyzed)
in unit vector, 0 subprograms and packages out of 5 analyzed
  Vector.Add at vector.ads:12 skipped; SPARK_Mode => Off
  Vector.Dot at vector.ads:21 skipped; SPARK_Mode => Off
  Vector.Put at vector.ads:24 skipped; SPARK_Mode => Off
  Vector.Scale at vector.ads:18 skipped; SPARK_Mode => Off
  Vector.Sub at vector.ads:15 skipped; SPARK_Mode => Off
